<?xml version="1.0" encoding="UTF-8"?>
<testsuite name="TestSuite" time="2,094.094" tests="74" errors="0" skipped="15" failures="9">
  <properties>
    <property name="java.runtime.name" value="OpenJDK Runtime Environment"/>
    <property name="sun.boot.library.path" value="/usr/lib/jvm/java-8-openjdk-amd64/jre/lib/amd64"/>
    <property name="java.vm.version" value="25.292-b10"/>
    <property name="java.vm.vendor" value="Private Build"/>
    <property name="maven.multiModuleProjectDirectory" value="/home/shashi.ranjan/eclipse-workspace/VideoKyc"/>
    <property name="java.vendor.url" value="http://java.oracle.com/"/>
    <property name="path.separator" value=":"/>
    <property name="guice.disable.misplaced.annotation.check" value="true"/>
    <property name="java.vm.name" value="OpenJDK 64-Bit Server VM"/>
    <property name="file.encoding.pkg" value="sun.io"/>
    <property name="user.country" value="IN"/>
    <property name="sun.java.launcher" value="SUN_STANDARD"/>
    <property name="sun.os.patch.level" value="unknown"/>
    <property name="java.vm.specification.name" value="Java Virtual Machine Specification"/>
    <property name="user.dir" value="/home/shashi.ranjan/eclipse-workspace/VideoKyc"/>
    <property name="java.runtime.version" value="1.8.0_292-8u292-b10-0ubuntu1~16.04.1-b10"/>
    <property name="java.awt.graphicsenv" value="sun.awt.X11GraphicsEnvironment"/>
    <property name="java.endorsed.dirs" value="/usr/lib/jvm/java-8-openjdk-amd64/jre/lib/endorsed"/>
    <property name="os.arch" value="amd64"/>
    <property name="java.io.tmpdir" value="/tmp"/>
    <property name="line.separator" value="&#10;"/>
    <property name="java.vm.specification.vendor" value="Oracle Corporation"/>
    <property name="os.name" value="Linux"/>
    <property name="classworlds.conf" value="/home/shashi.ranjan/eclipse-workspace/.metadata/.plugins/org.eclipse.m2e.launching/launches/m2conf2261910722965804977.tmp"/>
    <property name="sun.jnu.encoding" value="UTF-8"/>
    <property name="java.library.path" value="/usr/java/packages/lib/amd64:/usr/lib/x86_64-linux-gnu/jni:/lib/x86_64-linux-gnu:/usr/lib/x86_64-linux-gnu:/usr/lib/jni:/lib:/usr/lib"/>
    <property name="java.specification.name" value="Java Platform API Specification"/>
    <property name="java.class.version" value="52.0"/>
    <property name="sun.management.compiler" value="HotSpot 64-Bit Tiered Compilers"/>
    <property name="os.version" value="4.15.0-142-generic"/>
    <property name="user.home" value="/home/shashi.ranjan"/>
    <property name="user.timezone" value="Asia/Kolkata"/>
    <property name="java.awt.printerjob" value="sun.print.PSPrinterJob"/>
    <property name="file.encoding" value="UTF-8"/>
    <property name="java.specification.version" value="1.8"/>
    <property name="user.name" value="shashi.ranjan"/>
    <property name="java.class.path" value="/snap/eclipse/48/plugins/org.eclipse.m2e.maven.runtime_1.14.0.20191209-1923/jars/plexus-classworlds-2.6.0.jar"/>
    <property name="java.vm.specification.version" value="1.8"/>
    <property name="sun.arch.data.model" value="64"/>
    <property name="java.home" value="/usr/lib/jvm/java-8-openjdk-amd64/jre"/>
    <property name="sun.java.command" value="org.codehaus.plexus.classworlds.launcher.Launcher -B test"/>
    <property name="java.specification.vendor" value="Oracle Corporation"/>
    <property name="user.language" value="en"/>
    <property name="awt.toolkit" value="sun.awt.X11.XToolkit"/>
    <property name="java.vm.info" value="mixed mode"/>
    <property name="java.version" value="1.8.0_292"/>
    <property name="java.ext.dirs" value="/usr/lib/jvm/java-8-openjdk-amd64/jre/lib/ext:/usr/java/packages/lib/ext"/>
    <property name="securerandom.source" value="file:/dev/./urandom"/>
    <property name="sun.boot.class.path" value="/usr/lib/jvm/java-8-openjdk-amd64/jre/lib/resources.jar:/usr/lib/jvm/java-8-openjdk-amd64/jre/lib/rt.jar:/usr/lib/jvm/java-8-openjdk-amd64/jre/lib/sunrsasign.jar:/usr/lib/jvm/java-8-openjdk-amd64/jre/lib/jsse.jar:/usr/lib/jvm/java-8-openjdk-amd64/jre/lib/jce.jar:/usr/lib/jvm/java-8-openjdk-amd64/jre/lib/charsets.jar:/usr/lib/jvm/java-8-openjdk-amd64/jre/lib/jfr.jar:/usr/lib/jvm/java-8-openjdk-amd64/jre/classes"/>
    <property name="java.vendor" value="Private Build"/>
    <property name="maven.home" value="/home/shashi.ranjan/eclipse-workspace/VideoKyc/EMBEDDED"/>
    <property name="file.separator" value="/"/>
    <property name="java.vendor.url.bug" value="http://bugreport.sun.com/bugreport/"/>
    <property name="sun.cpu.endian" value="little"/>
    <property name="sun.io.unicode.encoding" value="UnicodeLittle"/>
    <property name="sun.desktop" value="gnome"/>
    <property name="sun.cpu.isalist" value=""/>
  </properties>
  <testcase name="uploadVKycCaseByAdmin" classname="com.vKyc.Testcases.TC_VideoKyc" time="8.8"/>
  <testcase name="verifyCaseInAssignedBucket" classname="com.vKyc.Testcases.TC_VideoKyc" time="8.316"/>
  <testcase name="scheduleCaseByAgent" classname="com.vKyc.Testcases.TC_VideoKyc" time="21.584"/>
  <testcase name="vKycProcessByCustomer" classname="com.vKyc.Testcases.TC_VideoKyc" time="190.832"/>
  <testcase name="vkycProcessByAgent" classname="com.vKyc.Testcases.TC_VideoKyc" time="53.157"/>
  <testcase name="vkycCaseApprovedByAuditor" classname="com.vKyc.Testcases.TC_VideoKyc" time="9.403"/>
  <testcase name="verifyCandidateNameonReport" classname="com.vKyc.Testcases.TC_VideoKyc" time="0.104"/>
  <testcase name="verifyCallStartAndEndDateOnReport" classname="com.vKyc.Testcases.TC_VideoKyc" time="0.272"/>
  <testcase name="verifyGeotaggingAddressOnReport" classname="com.vKyc.Testcases.TC_VideoKyc" time="0.156"/>
  <testcase name="verifyPandataDetailsOnReport" classname="com.vKyc.Testcases.TC_VideoKyc" time="0.468"/>
  <testcase name="verifyAdhaardataDetailsOnReport" classname="com.vKyc.Testcases.TC_VideoKyc" time="0.29"/>
  <testcase name="verifyFaceMatchScoreOnReport" classname="com.vKyc.Testcases.TC_VideoKyc" time="0.106"/>
  <testcase name="downloadAndVerifyRecordedVideo" classname="com.vKyc.Testcases.TC_VideoKyc" time="12.727"/>
  <testcase name="checkCaseAvailabilityinApprovedBucket" classname="com.vKyc.Testcases.TC_VideoKyc" time="16.984"/>
  <testcase name="verifyTodayReportDownloadStatusAndContent" classname="com.vKyc.Testcases.TC_VideoKyc" time="15.546">
    <failure message="expected [true] but found [false]" type="java.lang.AssertionError">java.lang.AssertionError: expected [true] but found [false]
	at org.testng.Assert.fail(Assert.java:96)
	at org.testng.Assert.failNotEquals(Assert.java:776)
	at org.testng.Assert.assertTrue(Assert.java:44)
	at org.testng.Assert.assertTrue(Assert.java:54)
	at com.vKyc.Testcases.TC_VideoKyc.verifyTodayReportDownloadStatusAndContent(TC_VideoKyc.java:569)
</failure>
    <system-out><![CDATA[ INFO [main] (TC_VideoKyc.java:538)- v-Kyc url opened
 INFO [main] (TC_VideoKyc.java:541)- Admin LoggedIn successfully!
 INFO [main] (TC_VideoKyc.java:547)- Today Excel report Downloaded
 INFO [main] (TC_VideoKyc.java:553)- Today's report download verified successfully
 INFO [main] (TC_VideoKyc.java:567)-  Case is NOT verified in Today's Excel report
Screenshot taken
]]></system-out>
  </testcase>
  <testcase name="verifySevenDaysReportDownloadStatus" classname="com.vKyc.Testcases.TC_VideoKyc" time="0">
    <skipped/>
  </testcase>
  <testcase name="verifyThirtyDaysReportDownloadStatus" classname="com.vKyc.Testcases.TC_VideoKyc" time="0">
    <skipped/>
  </testcase>
  <testcase name="verifyNinetyDaysReportDownloadStatus" classname="com.vKyc.Testcases.TC_VideoKyc" time="0">
    <skipped/>
  </testcase>
  <testcase name="uploadCaseUsingExcel" classname="com.vKyc.Testcases.TC_VideoKyc" time="12.572"/>
  <testcase name="verifyCaseUploadAtAgentEnd" classname="com.vKyc.Testcases.TC_VideoKyc" time="7.602"/>
  <testcase name="uploadVKycCaseByAdminForCaseTransfer" classname="com.vKyc.Testcases.TC_VideoKyc" time="9.123"/>
  <testcase name="transferCaseByAgent" classname="com.vKyc.Testcases.TC_VideoKyc" time="27.629"/>
  <testcase name="verifyCaseAtTransferredAgent" classname="com.vKyc.Testcases.TC_VideoKyc" time="8.213"/>
  <testcase name="uploadVKycCaseByAdminForReschedulelater" classname="com.vKyc.Testcases.TC_VideoKyc" time="9.408"/>
  <testcase name="scheduleCaseByAgentForReschedulelater" classname="com.vKyc.Testcases.TC_VideoKyc" time="16.415"/>
  <testcase name="markCaseAsReschedulelater" classname="com.vKyc.Testcases.TC_VideoKyc" time="8.997"/>
  <testcase name="verifyCaseAvailabilityInAssignedBucket" classname="com.vKyc.Testcases.TC_VideoKyc" time="12.885"/>
  <testcase name="uploadVKycCaseByAdminForInlineReschedule" classname="com.vKyc.Testcases.TC_VideoKyc" time="8.514"/>
  <testcase name="scheduleCaseByAgentForInlineReschedule" classname="com.vKyc.Testcases.TC_VideoKyc" time="15.155"/>
  <testcase name="inlineRescheduleCall" classname="com.vKyc.Testcases.TC_VideoKyc" time="1.097">
    <failure type="java.lang.NullPointerException:">java.lang.NullPointerException: null
	at com.vKyc.Pageobject.videoKyc.inlinineRescheduleCall(videoKyc.java:2086)
	at com.vKyc.Testcases.TC_VideoKyc.inlineRescheduleCall(TC_VideoKyc.java:1465)
</failure>
    <system-out><![CDATA[ INFO [main] (TC_VideoKyc.java:1464)- got reScheduled time for inline reschedule vkyc
]]></system-out>
  </testcase>
  <testcase name="uploadVKycCaseByAdminForRejectCase" classname="com.vKyc.Testcases.TC_VideoKycForRejectCase" time="8.556"/>
  <testcase name="scheduleCaseByAgentForCaseRejectAtAuditorEnd" classname="com.vKyc.Testcases.TC_VideoKycForRejectCase" time="15.694"/>
  <testcase name="vKycProcessByCustomerForCaseRejectAtAuditorEnd" classname="com.vKyc.Testcases.TC_VideoKycForRejectCase" time="175.913"/>
  <testcase name="vkycProcessByAgentForCaseRejectAtAuditorEnd" classname="com.vKyc.Testcases.TC_VideoKycForRejectCase" time="54.861"/>
  <testcase name="vkycCaseRejectedByAuditor" classname="com.vKyc.Testcases.TC_VideoKycForRejectCase" time="12.017"/>
  <testcase name="checkCaseAvailabilityinRejectedBucket" classname="com.vKyc.Testcases.TC_VideoKycForRejectCase" time="10.364"/>
  <testcase name="uploadVKycCaseForReAssignByAuditor" classname="com.vKyc.Testcases.TC_VideokycForReAssignCase" time="11.797"/>
  <testcase name="scheduleCaseByAgentForReAssign" classname="com.vKyc.Testcases.TC_VideokycForReAssignCase" time="17.387"/>
  <testcase name="vKycProcessByCustomerForReAssign" classname="com.vKyc.Testcases.TC_VideokycForReAssignCase" time="187.973"/>
  <testcase name="vkycProcessByAgentForCaseReAssignAtAuditorEnd" classname="com.vKyc.Testcases.TC_VideokycForReAssignCase" time="53.393"/>
  <testcase name="vkycCaseReAssignByAuditor" classname="com.vKyc.Testcases.TC_VideokycForReAssignCase" time="31.055"/>
  <testcase name="uploadVpdCaseByAdmin" classname="com.vKyc.Testcases.TC_VPD" time="8.201"/>
  <testcase name="verifyCaseInAssignedBucket" classname="com.vKyc.Testcases.TC_VPD" time="11.796"/>
  <testcase name="scheduleCaseByAuditor" classname="com.vKyc.Testcases.TC_VPD" time="19.757"/>
  <testcase name="verifyVPDlinkReceivedByCustomer" classname="com.vKyc.Testcases.TC_VPD" time="105.492"/>
  <testcase name="submitDocumentsAndStartVptByCustomer" classname="com.vKyc.Testcases.TC_VPD" time="180.623">
    <failure message="Expected condition failed: waiting for visibility of Proxy element for: DefaultElementLocator &apos;By.xpath: //label[@for=&apos;customField-0&apos;]&apos; (tried for 120 second(s) with 500 milliseconds interval)" type="org.openqa.selenium.TimeoutException">org.openqa.selenium.TimeoutException: Expected condition failed: waiting for visibility of Proxy element for: DefaultElementLocator 'By.xpath: //label[@for='customField-0']' (tried for 120 second(s) with 500 milliseconds interval)
	at sun.reflect.NativeConstructorAccessorImpl.newInstance0(Native Method)
	at sun.reflect.NativeConstructorAccessorImpl.newInstance(NativeConstructorAccessorImpl.java:62)
	at sun.reflect.DelegatingConstructorAccessorImpl.newInstance(DelegatingConstructorAccessorImpl.java:45)
	at java.lang.reflect.Constructor.newInstance(Constructor.java:423)
	at org.openqa.selenium.remote.http.W3CHttpResponseCodec.createException(W3CHttpResponseCodec.java:187)
	at org.openqa.selenium.remote.http.W3CHttpResponseCodec.decode(W3CHttpResponseCodec.java:122)
	at org.openqa.selenium.remote.http.W3CHttpResponseCodec.decode(W3CHttpResponseCodec.java:49)
	at org.openqa.selenium.remote.HttpCommandExecutor.execute(HttpCommandExecutor.java:158)
	at org.openqa.selenium.remote.service.DriverCommandExecutor.execute(DriverCommandExecutor.java:83)
	at org.openqa.selenium.remote.RemoteWebDriver.execute(RemoteWebDriver.java:548)
	at org.openqa.selenium.remote.RemoteWebDriver.findElement(RemoteWebDriver.java:322)
	at org.openqa.selenium.remote.RemoteWebDriver.findElementByXPath(RemoteWebDriver.java:424)
	at org.openqa.selenium.By$ByXPath.findElement(By.java:353)
	at org.openqa.selenium.remote.RemoteWebDriver.findElement(RemoteWebDriver.java:314)
	at org.openqa.selenium.support.pagefactory.DefaultElementLocator.findElement(DefaultElementLocator.java:69)
	at org.openqa.selenium.support.pagefactory.internal.LocatingElementHandler.invoke(LocatingElementHandler.java:38)
	at com.sun.proxy.$Proxy9.isDisplayed(Unknown Source)
	at org.openqa.selenium.support.ui.ExpectedConditions.elementIfVisible(ExpectedConditions.java:315)
	at org.openqa.selenium.support.ui.ExpectedConditions.access$100(ExpectedConditions.java:44)
	at org.openqa.selenium.support.ui.ExpectedConditions$10.apply(ExpectedConditions.java:301)
	at org.openqa.selenium.support.ui.ExpectedConditions$10.apply(ExpectedConditions.java:298)
	at org.openqa.selenium.support.ui.FluentWait.until(FluentWait.java:260)
	at com.vKyc.Pageobject.VPD.submitDocuments(VPD.java:546)
	at com.vKyc.Testcases.TC_VPD.submitDocumentsAndStartVptByCustomer(TC_VPD.java:134)
</failure>
  </testcase>
  <testcase name="completeCaseByAuditor" classname="com.vKyc.Testcases.TC_VPD" time="0">
    <skipped/>
  </testcase>
  <testcase name="markCaseAsApprovedByAuditor" classname="com.vKyc.Testcases.TC_VPD" time="0">
    <skipped/>
  </testcase>
  <testcase name="downloadAndVerifyReport" classname="com.vKyc.Testcases.TC_VPD" time="0">
    <skipped/>
  </testcase>
  <testcase name="verifyCustomerName" classname="com.vKyc.Testcases.TC_VPD" time="0">
    <skipped/>
  </testcase>
  <testcase name="verifyCallStartDate" classname="com.vKyc.Testcases.TC_VPD" time="0.001">
    <failure type="java.lang.NullPointerException:">java.lang.NullPointerException: null
	at com.vKyc.Testcases.TC_VPD.verifyCallStartDate(TC_VPD.java:297)
</failure>
    <system-out><![CDATA[ INFO [main] (TC_VPD.java:296)- got call start date
]]></system-out>
  </testcase>
  <testcase name="verifyGeoTagAddress" classname="com.vKyc.Testcases.TC_VPD" time="0.002">
    <failure type="java.lang.NullPointerException:">java.lang.NullPointerException: null
	at com.vKyc.Testcases.TC_VPD.verifyGeoTagAddress(TC_VPD.java:312)
</failure>
    <system-out><![CDATA[ INFO [main] (TC_VPD.java:311)- got GeoTag Address 
]]></system-out>
  </testcase>
  <testcase name="downloadAndVerifyRecordedVideo" classname="com.vKyc.Testcases.TC_VPD" time="20.307"/>
  <testcase name="checkCaseAvailabilityinApprovedBucket" classname="com.vKyc.Testcases.TC_VPD" time="20.255">
    <failure message="expected [true] but found [false]" type="java.lang.AssertionError">java.lang.AssertionError: expected [true] but found [false]
	at org.testng.Assert.fail(Assert.java:96)
	at org.testng.Assert.failNotEquals(Assert.java:776)
	at org.testng.Assert.assertTrue(Assert.java:44)
	at org.testng.Assert.assertTrue(Assert.java:54)
	at com.vKyc.Testcases.TC_VPD.checkCaseAvailabilityinApprovedBucket(TC_VPD.java:362)
</failure>
    <system-out><![CDATA[ INFO [main] (TC_VPD.java:350)- VPD url opened
 INFO [main] (TC_VPD.java:353)- Admin LoggedIn successfully!
 INFO [main] (TC_VPD.java:360)- Approved Case NOT verified in Approved Bucket
Screenshot taken
]]></system-out>
  </testcase>
  <testcase name="uploadVpdCaseByAdminForRejectingByAuditor" classname="com.vKyc.Testcases.TC_VPD" time="14.713"/>
  <testcase name="scheduleCaseByAuditorForRejectByAuditor" classname="com.vKyc.Testcases.TC_VPD" time="21.573"/>
  <testcase name="vpdProcessByCustomerForRejectByAuditor" classname="com.vKyc.Testcases.TC_VPD" time="103.748"/>
  <testcase name="submitDocumentsAndStartVptByCustomerForRejectByAuditor" classname="com.vKyc.Testcases.TC_VPD" time="180.61">
    <failure message="Expected condition failed: waiting for visibility of Proxy element for: DefaultElementLocator &apos;By.xpath: //label[@for=&apos;customField-0&apos;]&apos; (tried for 120 second(s) with 500 milliseconds interval)" type="org.openqa.selenium.TimeoutException">org.openqa.selenium.TimeoutException: Expected condition failed: waiting for visibility of Proxy element for: DefaultElementLocator 'By.xpath: //label[@for='customField-0']' (tried for 120 second(s) with 500 milliseconds interval)
	at sun.reflect.NativeConstructorAccessorImpl.newInstance0(Native Method)
	at sun.reflect.NativeConstructorAccessorImpl.newInstance(NativeConstructorAccessorImpl.java:62)
	at sun.reflect.DelegatingConstructorAccessorImpl.newInstance(DelegatingConstructorAccessorImpl.java:45)
	at java.lang.reflect.Constructor.newInstance(Constructor.java:423)
	at org.openqa.selenium.remote.http.W3CHttpResponseCodec.createException(W3CHttpResponseCodec.java:187)
	at org.openqa.selenium.remote.http.W3CHttpResponseCodec.decode(W3CHttpResponseCodec.java:122)
	at org.openqa.selenium.remote.http.W3CHttpResponseCodec.decode(W3CHttpResponseCodec.java:49)
	at org.openqa.selenium.remote.HttpCommandExecutor.execute(HttpCommandExecutor.java:158)
	at org.openqa.selenium.remote.service.DriverCommandExecutor.execute(DriverCommandExecutor.java:83)
	at org.openqa.selenium.remote.RemoteWebDriver.execute(RemoteWebDriver.java:548)
	at org.openqa.selenium.remote.RemoteWebDriver.findElement(RemoteWebDriver.java:322)
	at org.openqa.selenium.remote.RemoteWebDriver.findElementByXPath(RemoteWebDriver.java:424)
	at org.openqa.selenium.By$ByXPath.findElement(By.java:353)
	at org.openqa.selenium.remote.RemoteWebDriver.findElement(RemoteWebDriver.java:314)
	at org.openqa.selenium.support.pagefactory.DefaultElementLocator.findElement(DefaultElementLocator.java:69)
	at org.openqa.selenium.support.pagefactory.internal.LocatingElementHandler.invoke(LocatingElementHandler.java:38)
	at com.sun.proxy.$Proxy9.isDisplayed(Unknown Source)
	at org.openqa.selenium.support.ui.ExpectedConditions.elementIfVisible(ExpectedConditions.java:315)
	at org.openqa.selenium.support.ui.ExpectedConditions.access$100(ExpectedConditions.java:44)
	at org.openqa.selenium.support.ui.ExpectedConditions$10.apply(ExpectedConditions.java:301)
	at org.openqa.selenium.support.ui.ExpectedConditions$10.apply(ExpectedConditions.java:298)
	at org.openqa.selenium.support.ui.FluentWait.until(FluentWait.java:260)
	at com.vKyc.Pageobject.VPD.submitDocuments(VPD.java:546)
	at com.vKyc.Testcases.TC_VPD.submitDocumentsAndStartVptByCustomerForRejectByAuditor(TC_VPD.java:502)
</failure>
  </testcase>
  <testcase name="completeCaseByAuditorForRejectByAuditor" classname="com.vKyc.Testcases.TC_VPD" time="0">
    <skipped/>
  </testcase>
  <testcase name="vpdCaseRejectedByAuditor" classname="com.vKyc.Testcases.TC_VPD" time="0">
    <skipped/>
  </testcase>
  <testcase name="checkCaseAvailabilityinRejectedBucket" classname="com.vKyc.Testcases.TC_VPD" time="0">
    <skipped/>
  </testcase>
  <testcase name="uploadVpdCaseByAdminForReAssignByAuditor" classname="com.vKyc.Testcases.TC_VPD" time="189.454">
    <failure message="Expected condition failed: waiting for visibility of Proxy element for: DefaultElementLocator &apos;By.xpath: //*[@id=&apos;Check_Pad&apos;]&apos; (tried for 120 second(s) with 500 milliseconds interval)" type="org.openqa.selenium.TimeoutException">org.openqa.selenium.TimeoutException: Expected condition failed: waiting for visibility of Proxy element for: DefaultElementLocator 'By.xpath: //*[@id='Check_Pad']' (tried for 120 second(s) with 500 milliseconds interval)
	at sun.reflect.GeneratedConstructorAccessor17.newInstance(Unknown Source)
	at sun.reflect.DelegatingConstructorAccessorImpl.newInstance(DelegatingConstructorAccessorImpl.java:45)
	at java.lang.reflect.Constructor.newInstance(Constructor.java:423)
	at org.openqa.selenium.remote.http.W3CHttpResponseCodec.createException(W3CHttpResponseCodec.java:187)
	at org.openqa.selenium.remote.http.W3CHttpResponseCodec.decode(W3CHttpResponseCodec.java:122)
	at org.openqa.selenium.remote.http.W3CHttpResponseCodec.decode(W3CHttpResponseCodec.java:49)
	at org.openqa.selenium.remote.HttpCommandExecutor.execute(HttpCommandExecutor.java:158)
	at org.openqa.selenium.remote.service.DriverCommandExecutor.execute(DriverCommandExecutor.java:83)
	at org.openqa.selenium.remote.RemoteWebDriver.execute(RemoteWebDriver.java:548)
	at org.openqa.selenium.remote.RemoteWebDriver.findElement(RemoteWebDriver.java:322)
	at org.openqa.selenium.remote.RemoteWebDriver.findElementByXPath(RemoteWebDriver.java:424)
	at org.openqa.selenium.By$ByXPath.findElement(By.java:353)
	at org.openqa.selenium.remote.RemoteWebDriver.findElement(RemoteWebDriver.java:314)
	at org.openqa.selenium.support.pagefactory.DefaultElementLocator.findElement(DefaultElementLocator.java:69)
	at org.openqa.selenium.support.pagefactory.internal.LocatingElementHandler.invoke(LocatingElementHandler.java:38)
	at com.sun.proxy.$Proxy9.isDisplayed(Unknown Source)
	at org.openqa.selenium.support.ui.ExpectedConditions.elementIfVisible(ExpectedConditions.java:315)
	at org.openqa.selenium.support.ui.ExpectedConditions.access$100(ExpectedConditions.java:44)
	at org.openqa.selenium.support.ui.ExpectedConditions$10.apply(ExpectedConditions.java:301)
	at org.openqa.selenium.support.ui.ExpectedConditions$10.apply(ExpectedConditions.java:298)
	at org.openqa.selenium.support.ui.FluentWait.until(FluentWait.java:260)
	at com.vKyc.Pageobject.VPD.uploadCase(VPD.java:373)
	at com.vKyc.Testcases.TC_VPD.uploadVpdCaseByAdminForReAssignByAuditor(TC_VPD.java:647)
</failure>
    <system-out><![CDATA[ INFO [main] (TC_VPD.java:634)- VPD url opened
 INFO [main] (TC_VPD.java:637)- Admin LoggedIn successfully!
 INFO [main] (TC_VPD.java:640)- got customer/client name
 INFO [main] (TC_VPD.java:642)- got random string text
 INFO [main] (TC_VPD.java:644)- got random mob no.
 INFO [main] (TC_VPD.java:646)- got random applicant id
]]></system-out>
  </testcase>
  <testcase name="scheduleCaseByAuditorForReassignByAuditor" classname="com.vKyc.Testcases.TC_VPD" time="0">
    <skipped/>
  </testcase>
  <testcase name="vpdProcessByCustomerForReassignByAuditor" classname="com.vKyc.Testcases.TC_VPD" time="0">
    <skipped/>
  </testcase>
  <testcase name="submitDocumentsAndStartVptByCustomerForReassignByAuditor" classname="com.vKyc.Testcases.TC_VPD" time="0">
    <skipped/>
  </testcase>
  <testcase name="completeCaseByAuditorForReassignByAuditor" classname="com.vKyc.Testcases.TC_VPD" time="0">
    <skipped/>
  </testcase>
  <testcase name="vpdCaseReAssignByAuditor" classname="com.vKyc.Testcases.TC_VPD" time="0">
    <skipped/>
  </testcase>
  <testcase name="uploadKycCaseByAdmin" classname="com.vKyc.Testcases.TC_RescheduleVKyc" time="19.575"/>
  <testcase name="verifyCaseInAssignedBucket" classname="com.vKyc.Testcases.TC_RescheduleVKyc" time="21.674"/>
  <testcase name="scheduleCaseByAgent" classname="com.vKyc.Testcases.TC_RescheduleVKyc" time="18.326"/>
  <testcase name="reschedulekycByCustomer" classname="com.vKyc.Testcases.TC_RescheduleVKyc" time="28.512"/>
  <testcase name="uploadCaseByAdmin" classname="com.vKyc.Testcases.TC_RescheduleVKyc" time="19.723"/>
  <testcase name="scheduleCaseAtAgent" classname="com.vKyc.Testcases.TC_RescheduleVKyc" time="31.829"/>
  <testcase name="rescheduleKycByCustomer" classname="com.vKyc.Testcases.TC_RescheduleVKyc" time="22.558">
    <failure message="expected [true] but found [false]" type="java.lang.AssertionError">java.lang.AssertionError: expected [true] but found [false]
	at org.testng.Assert.fail(Assert.java:96)
	at org.testng.Assert.failNotEquals(Assert.java:776)
	at org.testng.Assert.assertTrue(Assert.java:44)
	at org.testng.Assert.assertTrue(Assert.java:54)
	at com.vKyc.Testcases.TC_RescheduleVKyc.rescheduleKycByCustomer(TC_RescheduleVKyc.java:269)
</failure>
    <system-out><![CDATA[ INFO [main] (TC_RescheduleVKyc.java:226)- vkyc link received on candidate mail verified successfully
 INFO [main] (TC_RescheduleVKyc.java:235)- got scheduled Date for kyc
 INFO [main] (TC_RescheduleVKyc.java:237)- got scheduled Time for kyc
 INFO [main] (TC_RescheduleVKyc.java:239)- kyc rescheduled with different agent by customer
 INFO [main] (TC_RescheduleVKyc.java:244)- Reschedule success msg verified
 INFO [main] (TC_RescheduleVKyc.java:254)- Reschedule kyc link received on mail verified
 INFO [main] (TC_RescheduleVKyc.java:267)- Reschedule STATUS NOT verified at Agent End
Screenshot taken
]]></system-out>
  </testcase>
</testsuite>