<?xml version="1.0" encoding="UTF-8"?>
<testsuite name="TestSuite" time="1,015.459" tests="41" errors="0" skipped="8" failures="4">
  <properties>
    <property name="java.runtime.name" value="OpenJDK Runtime Environment"/>
    <property name="sun.boot.library.path" value="/usr/lib/jvm/java-8-openjdk-amd64/jre/lib/amd64"/>
    <property name="java.vm.version" value="25.292-b10"/>
    <property name="java.vm.vendor" value="Private Build"/>
    <property name="maven.multiModuleProjectDirectory" value="/home/shashi.ranjan/eclipse-workspace/VideoKyc"/>
    <property name="java.vendor.url" value="http://java.oracle.com/"/>
    <property name="path.separator" value=":"/>
    <property name="guice.disable.misplaced.annotation.check" value="true"/>
    <property name="java.vm.name" value="OpenJDK 64-Bit Server VM"/>
    <property name="file.encoding.pkg" value="sun.io"/>
    <property name="user.country" value="IN"/>
    <property name="sun.java.launcher" value="SUN_STANDARD"/>
    <property name="sun.os.patch.level" value="unknown"/>
    <property name="java.vm.specification.name" value="Java Virtual Machine Specification"/>
    <property name="user.dir" value="/home/shashi.ranjan/eclipse-workspace/VideoKyc"/>
    <property name="java.runtime.version" value="1.8.0_292-8u292-b10-0ubuntu1~16.04.1-b10"/>
    <property name="java.awt.graphicsenv" value="sun.awt.X11GraphicsEnvironment"/>
    <property name="java.endorsed.dirs" value="/usr/lib/jvm/java-8-openjdk-amd64/jre/lib/endorsed"/>
    <property name="os.arch" value="amd64"/>
    <property name="java.io.tmpdir" value="/tmp"/>
    <property name="line.separator" value="&#10;"/>
    <property name="java.vm.specification.vendor" value="Oracle Corporation"/>
    <property name="os.name" value="Linux"/>
    <property name="classworlds.conf" value="/home/shashi.ranjan/eclipse-workspace/.metadata/.plugins/org.eclipse.m2e.launching/launches/m2conf6097797835290864199.tmp"/>
    <property name="sun.jnu.encoding" value="UTF-8"/>
    <property name="java.library.path" value="/usr/java/packages/lib/amd64:/usr/lib/x86_64-linux-gnu/jni:/lib/x86_64-linux-gnu:/usr/lib/x86_64-linux-gnu:/usr/lib/jni:/lib:/usr/lib"/>
    <property name="java.specification.name" value="Java Platform API Specification"/>
    <property name="java.class.version" value="52.0"/>
    <property name="sun.management.compiler" value="HotSpot 64-Bit Tiered Compilers"/>
    <property name="os.version" value="4.15.0-142-generic"/>
    <property name="user.home" value="/home/shashi.ranjan"/>
    <property name="user.timezone" value="Asia/Kolkata"/>
    <property name="java.awt.printerjob" value="sun.print.PSPrinterJob"/>
    <property name="file.encoding" value="UTF-8"/>
    <property name="java.specification.version" value="1.8"/>
    <property name="user.name" value="shashi.ranjan"/>
    <property name="java.class.path" value="/snap/eclipse/48/plugins/org.eclipse.m2e.maven.runtime_1.14.0.20191209-1923/jars/plexus-classworlds-2.6.0.jar"/>
    <property name="java.vm.specification.version" value="1.8"/>
    <property name="sun.arch.data.model" value="64"/>
    <property name="java.home" value="/usr/lib/jvm/java-8-openjdk-amd64/jre"/>
    <property name="sun.java.command" value="org.codehaus.plexus.classworlds.launcher.Launcher -B test"/>
    <property name="java.specification.vendor" value="Oracle Corporation"/>
    <property name="user.language" value="en"/>
    <property name="awt.toolkit" value="sun.awt.X11.XToolkit"/>
    <property name="java.vm.info" value="mixed mode"/>
    <property name="java.version" value="1.8.0_292"/>
    <property name="java.ext.dirs" value="/usr/lib/jvm/java-8-openjdk-amd64/jre/lib/ext:/usr/java/packages/lib/ext"/>
    <property name="securerandom.source" value="file:/dev/./urandom"/>
    <property name="sun.boot.class.path" value="/usr/lib/jvm/java-8-openjdk-amd64/jre/lib/resources.jar:/usr/lib/jvm/java-8-openjdk-amd64/jre/lib/rt.jar:/usr/lib/jvm/java-8-openjdk-amd64/jre/lib/sunrsasign.jar:/usr/lib/jvm/java-8-openjdk-amd64/jre/lib/jsse.jar:/usr/lib/jvm/java-8-openjdk-amd64/jre/lib/jce.jar:/usr/lib/jvm/java-8-openjdk-amd64/jre/lib/charsets.jar:/usr/lib/jvm/java-8-openjdk-amd64/jre/lib/jfr.jar:/usr/lib/jvm/java-8-openjdk-amd64/jre/classes"/>
    <property name="java.vendor" value="Private Build"/>
    <property name="maven.home" value="/home/shashi.ranjan/eclipse-workspace/VideoKyc/EMBEDDED"/>
    <property name="file.separator" value="/"/>
    <property name="java.vendor.url.bug" value="http://bugreport.sun.com/bugreport/"/>
    <property name="sun.cpu.endian" value="little"/>
    <property name="sun.io.unicode.encoding" value="UnicodeLittle"/>
    <property name="sun.desktop" value="gnome"/>
    <property name="sun.cpu.isalist" value=""/>
  </properties>
  <testcase name="uploadVKycCaseByAdmin" classname="com.vKyc.Testcases.TC_VideoKyc" time="8.4"/>
  <testcase name="verifyCaseInAssignedBucket" classname="com.vKyc.Testcases.TC_VideoKyc" time="6.881"/>
  <testcase name="scheduleCaseByAgent" classname="com.vKyc.Testcases.TC_VideoKyc" time="15.892"/>
  <testcase name="vKycProcessByCustomer" classname="com.vKyc.Testcases.TC_VideoKyc" time="184.6"/>
  <testcase name="vkycProcessByAgent" classname="com.vKyc.Testcases.TC_VideoKyc" time="53.436"/>
  <testcase name="vkycCaseApprovedByAuditor" classname="com.vKyc.Testcases.TC_VideoKyc" time="8.932"/>
  <testcase name="verifyCandidateNameonReport" classname="com.vKyc.Testcases.TC_VideoKyc" time="0.099"/>
  <testcase name="verifyCallStartAndEndDateOnReport" classname="com.vKyc.Testcases.TC_VideoKyc" time="0.264"/>
  <testcase name="verifyGeotaggingAddressOnReport" classname="com.vKyc.Testcases.TC_VideoKyc" time="0.14"/>
  <testcase name="verifyPandataDetailsOnReport" classname="com.vKyc.Testcases.TC_VideoKyc" time="0.512"/>
  <testcase name="verifyAdhaardataDetailsOnReport" classname="com.vKyc.Testcases.TC_VideoKyc" time="0.294"/>
  <testcase name="verifyFaceMatchScoreOnReport" classname="com.vKyc.Testcases.TC_VideoKyc" time="0.128"/>
  <testcase name="downloadAndVerifyRecordedVideo" classname="com.vKyc.Testcases.TC_VideoKyc" time="9.804"/>
  <testcase name="checkCaseAvailabilityinApprovedBucket" classname="com.vKyc.Testcases.TC_VideoKyc" time="11.981"/>
  <testcase name="verifyTodayReportDownloadStatusAndContent" classname="com.vKyc.Testcases.TC_VideoKyc" time="8.741"/>
  <testcase name="verifySevenDaysReportDownloadStatus" classname="com.vKyc.Testcases.TC_VideoKyc" time="5.417"/>
  <testcase name="verifyThirtyDaysReportDownloadStatus" classname="com.vKyc.Testcases.TC_VideoKyc" time="5.3"/>
  <testcase name="verifyNinetyDaysReportDownloadStatus" classname="com.vKyc.Testcases.TC_VideoKyc" time="8.28"/>
  <testcase name="uploadCaseUsingExcel" classname="com.vKyc.Testcases.TC_VideoKyc" time="128.526">
    <failure message="Expected condition failed: waiting for visibility of Proxy element for: DefaultElementLocator &apos;By.xpath: //*[contains(text(),&apos;Cases uploaded successfully&apos;)]&apos; (tried for 120 second(s) with 500 milliseconds interval)" type="org.openqa.selenium.TimeoutException">org.openqa.selenium.TimeoutException: Expected condition failed: waiting for visibility of Proxy element for: DefaultElementLocator 'By.xpath: //*[contains(text(),'Cases uploaded successfully')]' (tried for 120 second(s) with 500 milliseconds interval)
	at sun.reflect.GeneratedConstructorAccessor17.newInstance(Unknown Source)
	at sun.reflect.DelegatingConstructorAccessorImpl.newInstance(DelegatingConstructorAccessorImpl.java:45)
	at java.lang.reflect.Constructor.newInstance(Constructor.java:423)
	at org.openqa.selenium.remote.http.W3CHttpResponseCodec.createException(W3CHttpResponseCodec.java:187)
	at org.openqa.selenium.remote.http.W3CHttpResponseCodec.decode(W3CHttpResponseCodec.java:122)
	at org.openqa.selenium.remote.http.W3CHttpResponseCodec.decode(W3CHttpResponseCodec.java:49)
	at org.openqa.selenium.remote.HttpCommandExecutor.execute(HttpCommandExecutor.java:158)
	at org.openqa.selenium.remote.service.DriverCommandExecutor.execute(DriverCommandExecutor.java:83)
	at org.openqa.selenium.remote.RemoteWebDriver.execute(RemoteWebDriver.java:548)
	at org.openqa.selenium.remote.RemoteWebDriver.findElement(RemoteWebDriver.java:322)
	at org.openqa.selenium.remote.RemoteWebDriver.findElementByXPath(RemoteWebDriver.java:424)
	at org.openqa.selenium.By$ByXPath.findElement(By.java:353)
	at org.openqa.selenium.remote.RemoteWebDriver.findElement(RemoteWebDriver.java:314)
	at org.openqa.selenium.support.pagefactory.DefaultElementLocator.findElement(DefaultElementLocator.java:69)
	at org.openqa.selenium.support.pagefactory.internal.LocatingElementHandler.invoke(LocatingElementHandler.java:38)
	at com.sun.proxy.$Proxy9.isDisplayed(Unknown Source)
	at org.openqa.selenium.support.ui.ExpectedConditions.elementIfVisible(ExpectedConditions.java:315)
	at org.openqa.selenium.support.ui.ExpectedConditions.access$100(ExpectedConditions.java:44)
	at org.openqa.selenium.support.ui.ExpectedConditions$10.apply(ExpectedConditions.java:301)
	at org.openqa.selenium.support.ui.ExpectedConditions$10.apply(ExpectedConditions.java:298)
	at org.openqa.selenium.support.ui.FluentWait.until(FluentWait.java:260)
	at com.vKyc.Pageobject.videoKyc.verifyCaseUploadSuccessMsg(videoKyc.java:1761)
	at com.vKyc.Testcases.TC_VideoKyc.uploadCaseUsingExcel(TC_VideoKyc.java:662)
</failure>
    <system-out><![CDATA[ INFO [main] (TC_VideoKyc.java:654)- v-Kyc url opened
 INFO [main] (TC_VideoKyc.java:657)- Admin LoggedIn successfully!
 INFO [main] (TC_VideoKyc.java:660)- case uploaded using excel
]]></system-out>
  </testcase>
  <testcase name="verifyCaseUploadAtAgentEnd" classname="com.vKyc.Testcases.TC_VideoKyc" time="0">
    <skipped/>
  </testcase>
  <testcase name="uploadVKycCaseByAdminForRejectCase" classname="com.vKyc.Testcases.TC_VideoKyc" time="8.281"/>
  <testcase name="scheduleCaseByAgentForCaseRejectAtAuditorEnd" classname="com.vKyc.Testcases.TC_VideoKyc" time="16.997"/>
  <testcase name="vKycProcessByCustomerForCaseRejectAtAuditorEnd" classname="com.vKyc.Testcases.TC_VideoKyc" time="201.005">
    <failure message="Expected condition failed: waiting for element to be clickable: Proxy element for: DefaultElementLocator &apos;By.xpath: //*[@id=&apos;ID_red&apos;]&apos; (tried for 120 second(s) with 500 milliseconds interval)" type="org.openqa.selenium.TimeoutException">org.openqa.selenium.TimeoutException: Expected condition failed: waiting for element to be clickable: Proxy element for: DefaultElementLocator 'By.xpath: //*[@id='ID_red']' (tried for 120 second(s) with 500 milliseconds interval)
	at sun.reflect.GeneratedConstructorAccessor17.newInstance(Unknown Source)
	at sun.reflect.DelegatingConstructorAccessorImpl.newInstance(DelegatingConstructorAccessorImpl.java:45)
	at java.lang.reflect.Constructor.newInstance(Constructor.java:423)
	at org.openqa.selenium.remote.http.W3CHttpResponseCodec.createException(W3CHttpResponseCodec.java:187)
	at org.openqa.selenium.remote.http.W3CHttpResponseCodec.decode(W3CHttpResponseCodec.java:122)
	at org.openqa.selenium.remote.http.W3CHttpResponseCodec.decode(W3CHttpResponseCodec.java:49)
	at org.openqa.selenium.remote.HttpCommandExecutor.execute(HttpCommandExecutor.java:158)
	at org.openqa.selenium.remote.service.DriverCommandExecutor.execute(DriverCommandExecutor.java:83)
	at org.openqa.selenium.remote.RemoteWebDriver.execute(RemoteWebDriver.java:548)
	at org.openqa.selenium.remote.RemoteWebDriver.findElement(RemoteWebDriver.java:322)
	at org.openqa.selenium.remote.RemoteWebDriver.findElementByXPath(RemoteWebDriver.java:424)
	at org.openqa.selenium.By$ByXPath.findElement(By.java:353)
	at org.openqa.selenium.remote.RemoteWebDriver.findElement(RemoteWebDriver.java:314)
	at org.openqa.selenium.support.pagefactory.DefaultElementLocator.findElement(DefaultElementLocator.java:69)
	at org.openqa.selenium.support.pagefactory.internal.LocatingElementHandler.invoke(LocatingElementHandler.java:38)
	at com.sun.proxy.$Proxy9.isDisplayed(Unknown Source)
	at org.openqa.selenium.support.ui.ExpectedConditions.elementIfVisible(ExpectedConditions.java:315)
	at org.openqa.selenium.support.ui.ExpectedConditions.access$100(ExpectedConditions.java:44)
	at org.openqa.selenium.support.ui.ExpectedConditions$10.apply(ExpectedConditions.java:301)
	at org.openqa.selenium.support.ui.ExpectedConditions$10.apply(ExpectedConditions.java:298)
	at org.openqa.selenium.support.ui.ExpectedConditions$23.apply(ExpectedConditions.java:686)
	at org.openqa.selenium.support.ui.ExpectedConditions$23.apply(ExpectedConditions.java:682)
	at org.openqa.selenium.support.ui.FluentWait.until(FluentWait.java:260)
	at com.vKyc.Pageobject.videoKyc.submitPanCardUsingBrowseToUpload(videoKyc.java:971)
	at com.vKyc.Testcases.TC_VideoKyc.vKycProcessByCustomerForCaseRejectAtAuditorEnd(TC_VideoKyc.java:779)
</failure>
    <system-out><![CDATA[ INFO [main] (TC_VideoKyc.java:765)- vkyc link received on candidate mail verified successfully
 INFO [main] (TC_VideoKyc.java:776)- v-kyc link hitted by customer
]]></system-out>
  </testcase>
  <testcase name="vkycProcessByAgentForCaseRejectAtAuditorEnd" classname="com.vKyc.Testcases.TC_VideoKyc" time="0">
    <skipped/>
  </testcase>
  <testcase name="vkycCaseRejectedByAuditor" classname="com.vKyc.Testcases.TC_VideoKyc" time="0">
    <skipped/>
  </testcase>
  <testcase name="checkCaseAvailabilityinRejectedBucket" classname="com.vKyc.Testcases.TC_VideoKyc" time="0">
    <skipped/>
  </testcase>
  <testcase name="uploadVKycCaseForReAssignByAuditor" classname="com.vKyc.Testcases.TC_VideoKyc" time="126.784">
    <failure message="Expected condition failed: waiting for visibility of Proxy element for: DefaultElementLocator &apos;By.xpath: //*[@id=&apos;Check_Pad&apos;]&apos; (tried for 120 second(s) with 500 milliseconds interval)" type="org.openqa.selenium.TimeoutException">org.openqa.selenium.TimeoutException: Expected condition failed: waiting for visibility of Proxy element for: DefaultElementLocator 'By.xpath: //*[@id='Check_Pad']' (tried for 120 second(s) with 500 milliseconds interval)
	at sun.reflect.GeneratedConstructorAccessor17.newInstance(Unknown Source)
	at sun.reflect.DelegatingConstructorAccessorImpl.newInstance(DelegatingConstructorAccessorImpl.java:45)
	at java.lang.reflect.Constructor.newInstance(Constructor.java:423)
	at org.openqa.selenium.remote.http.W3CHttpResponseCodec.createException(W3CHttpResponseCodec.java:187)
	at org.openqa.selenium.remote.http.W3CHttpResponseCodec.decode(W3CHttpResponseCodec.java:122)
	at org.openqa.selenium.remote.http.W3CHttpResponseCodec.decode(W3CHttpResponseCodec.java:49)
	at org.openqa.selenium.remote.HttpCommandExecutor.execute(HttpCommandExecutor.java:158)
	at org.openqa.selenium.remote.service.DriverCommandExecutor.execute(DriverCommandExecutor.java:83)
	at org.openqa.selenium.remote.RemoteWebDriver.execute(RemoteWebDriver.java:548)
	at org.openqa.selenium.remote.RemoteWebDriver.findElement(RemoteWebDriver.java:322)
	at org.openqa.selenium.remote.RemoteWebDriver.findElementByXPath(RemoteWebDriver.java:424)
	at org.openqa.selenium.By$ByXPath.findElement(By.java:353)
	at org.openqa.selenium.remote.RemoteWebDriver.findElement(RemoteWebDriver.java:314)
	at org.openqa.selenium.support.pagefactory.DefaultElementLocator.findElement(DefaultElementLocator.java:69)
	at org.openqa.selenium.support.pagefactory.internal.LocatingElementHandler.invoke(LocatingElementHandler.java:38)
	at com.sun.proxy.$Proxy9.isDisplayed(Unknown Source)
	at org.openqa.selenium.support.ui.ExpectedConditions.elementIfVisible(ExpectedConditions.java:315)
	at org.openqa.selenium.support.ui.ExpectedConditions.access$100(ExpectedConditions.java:44)
	at org.openqa.selenium.support.ui.ExpectedConditions$10.apply(ExpectedConditions.java:301)
	at org.openqa.selenium.support.ui.ExpectedConditions$10.apply(ExpectedConditions.java:298)
	at org.openqa.selenium.support.ui.FluentWait.until(FluentWait.java:260)
	at com.vKyc.Pageobject.videoKyc.uploadCase(videoKyc.java:733)
	at com.vKyc.Testcases.TC_VideoKyc.uploadVKycCaseForReAssignByAuditor(TC_VideoKyc.java:972)
</failure>
    <system-out><![CDATA[ INFO [main] (TC_VideoKyc.java:959)- v-Kyc url opened
 INFO [main] (TC_VideoKyc.java:962)- Admin LoggedIn successfully!
 INFO [main] (TC_VideoKyc.java:965)- got customer/client name
 INFO [main] (TC_VideoKyc.java:967)- got random string text
 INFO [main] (TC_VideoKyc.java:969)- got random mob no.
 INFO [main] (TC_VideoKyc.java:971)- got random applicant id
]]></system-out>
  </testcase>
  <testcase name="scheduleCaseByAgentForReAssign" classname="com.vKyc.Testcases.TC_VideoKyc" time="0">
    <skipped/>
  </testcase>
  <testcase name="vKycProcessByCustomerForReAssign" classname="com.vKyc.Testcases.TC_VideoKyc" time="0">
    <skipped/>
  </testcase>
  <testcase name="vkycProcessByAgentForCaseReAssignAtAuditorEnd" classname="com.vKyc.Testcases.TC_VideoKyc" time="0">
    <skipped/>
  </testcase>
  <testcase name="vkycCaseReAssignByAuditor" classname="com.vKyc.Testcases.TC_VideoKyc" time="0">
    <skipped/>
  </testcase>
  <testcase name="uploadVKycCaseByAdminForCaseTransfer" classname="com.vKyc.Testcases.TC_VideoKyc" time="104.139"/>
  <testcase name="transferCaseByAgent" classname="com.vKyc.Testcases.TC_VideoKyc" time="24.659"/>
  <testcase name="verifyCaseAtTransferredAgent" classname="com.vKyc.Testcases.TC_VideoKyc" time="7.894"/>
  <testcase name="uploadVKycCaseByAdminForReschedulelater" classname="com.vKyc.Testcases.TC_VideoKyc" time="7.731"/>
  <testcase name="scheduleCaseByAgentForReschedulelater" classname="com.vKyc.Testcases.TC_VideoKyc" time="17.991"/>
  <testcase name="markCaseAsReschedulelater" classname="com.vKyc.Testcases.TC_VideoKyc" time="8.861"/>
  <testcase name="verifyCaseAvailabilityInAssignedBucket" classname="com.vKyc.Testcases.TC_VideoKyc" time="8.443"/>
  <testcase name="uploadVKycCaseByAdminForInlineReschedule" classname="com.vKyc.Testcases.TC_VideoKyc" time="7.929"/>
  <testcase name="scheduleCaseByAgentForInlineReschedule" classname="com.vKyc.Testcases.TC_VideoKyc" time="16.025"/>
  <testcase name="inlineRescheduleCall" classname="com.vKyc.Testcases.TC_VideoKyc" time="1.093">
    <failure type="java.lang.NullPointerException:">java.lang.NullPointerException: null
	at com.vKyc.Pageobject.videoKyc.inlinineRescheduleCall(videoKyc.java:2084)
	at com.vKyc.Testcases.TC_VideoKyc.inlineRescheduleCall(TC_VideoKyc.java:1464)
</failure>
    <system-out><![CDATA[ INFO [main] (TC_VideoKyc.java:1463)- got reScheduled time for inline reschedule vkyc
]]></system-out>
  </testcase>
</testsuite>