<?xml version="1.0" encoding="UTF-8"?>
<!-- Generated by org.testng.reporters.JUnitReportReporter -->
<testsuite skipped="3" hostname="ARS-NBT-LAP" name="com.vKyc.Testcases.TC_VideoKyc" tests="30" failures="1" timestamp="14 Jun 2022 12:29:50 GMT" time="476.317" errors="1">
  <testcase name="uploadVKycCaseByAdmin" time="8.787" classname="com.vKyc.Testcases.TC_VideoKyc"/>
  <testcase name="verifyCaseInAssignedBucket" time="8.316" classname="com.vKyc.Testcases.TC_VideoKyc"/>
  <testcase name="scheduleCaseByAgent" time="21.584" classname="com.vKyc.Testcases.TC_VideoKyc"/>
  <testcase name="vKycProcessByCustomer" time="190.831" classname="com.vKyc.Testcases.TC_VideoKyc"/>
  <testcase name="vkycProcessByAgent" time="53.157" classname="com.vKyc.Testcases.TC_VideoKyc"/>
  <testcase name="vkycCaseApprovedByAuditor" time="9.403" classname="com.vKyc.Testcases.TC_VideoKyc"/>
  <testcase name="verifyCandidateNameonReport" time="0.103" classname="com.vKyc.Testcases.TC_VideoKyc"/>
  <testcase name="verifyCallStartAndEndDateOnReport" time="0.271" classname="com.vKyc.Testcases.TC_VideoKyc"/>
  <testcase name="verifyGeotaggingAddressOnReport" time="0.156" classname="com.vKyc.Testcases.TC_VideoKyc"/>
  <testcase name="verifyPandataDetailsOnReport" time="0.467" classname="com.vKyc.Testcases.TC_VideoKyc"/>
  <testcase name="verifyAdhaardataDetailsOnReport" time="0.290" classname="com.vKyc.Testcases.TC_VideoKyc"/>
  <testcase name="verifyFaceMatchScoreOnReport" time="0.105" classname="com.vKyc.Testcases.TC_VideoKyc"/>
  <testcase name="downloadAndVerifyRecordedVideo" time="12.725" classname="com.vKyc.Testcases.TC_VideoKyc"/>
  <testcase name="checkCaseAvailabilityinApprovedBucket" time="16.985" classname="com.vKyc.Testcases.TC_VideoKyc"/>
  <testcase name="verifyTodayReportDownloadStatusAndContent" time="15.542" classname="com.vKyc.Testcases.TC_VideoKyc">
    <failure type="java.lang.AssertionError" message="expected [true] but found [false]">
      <![CDATA[java.lang.AssertionError: expected [true] but found [false]
at org.testng.Assert.fail(Assert.java:96)
at org.testng.Assert.failNotEquals(Assert.java:776)
at org.testng.Assert.assertTrue(Assert.java:44)
at org.testng.Assert.assertTrue(Assert.java:54)
at com.vKyc.Testcases.TC_VideoKyc.verifyTodayReportDownloadStatusAndContent(TC_VideoKyc.java:569)
at sun.reflect.NativeMethodAccessorImpl.invoke0(Native Method)
at sun.reflect.NativeMethodAccessorImpl.invoke(NativeMethodAccessorImpl.java:62)
at sun.reflect.DelegatingMethodAccessorImpl.invoke(DelegatingMethodAccessorImpl.java:43)
at java.lang.reflect.Method.invoke(Method.java:498)
at org.testng.internal.MethodInvocationHelper.invokeMethod(MethodInvocationHelper.java:124)
at org.testng.internal.Invoker.invokeMethod(Invoker.java:583)
at org.testng.internal.Invoker.invokeTestMethod(Invoker.java:719)
at org.testng.internal.Invoker.invokeTestMethods(Invoker.java:989)
at org.testng.internal.TestMethodWorker.invokeTestMethods(TestMethodWorker.java:125)
at org.testng.internal.TestMethodWorker.run(TestMethodWorker.java:109)
at org.testng.TestRunner.privateRun(TestRunner.java:648)
at org.testng.TestRunner.run(TestRunner.java:505)
at org.testng.SuiteRunner.runTest(SuiteRunner.java:455)
at org.testng.SuiteRunner.runSequentially(SuiteRunner.java:450)
at org.testng.SuiteRunner.privateRun(SuiteRunner.java:415)
at org.testng.SuiteRunner.run(SuiteRunner.java:364)
at org.testng.SuiteRunnerWorker.runSuite(SuiteRunnerWorker.java:52)
at org.testng.SuiteRunnerWorker.run(SuiteRunnerWorker.java:84)
at org.testng.TestNG.runSuitesSequentially(TestNG.java:1208)
at org.testng.TestNG.runSuitesLocally(TestNG.java:1137)
at org.testng.TestNG.runSuites(TestNG.java:1049)
at org.testng.TestNG.run(TestNG.java:1017)
at org.apache.maven.surefire.testng.TestNGExecutor.run(TestNGExecutor.java:295)
at org.apache.maven.surefire.testng.TestNGXmlTestSuite.execute(TestNGXmlTestSuite.java:84)
at org.apache.maven.surefire.testng.TestNGProvider.invoke(TestNGProvider.java:90)
at org.apache.maven.surefire.booter.ForkedBooter.invokeProviderInSameClassLoader(ForkedBooter.java:203)
at org.apache.maven.surefire.booter.ForkedBooter.runSuitesInProcess(ForkedBooter.java:155)
at org.apache.maven.surefire.booter.ForkedBooter.main(ForkedBooter.java:103)
]]>
    </failure>
  </testcase> <!-- verifyTodayReportDownloadStatusAndContent -->
  <testcase name="verifySevenDaysReportDownloadStatus" time="0.000" classname="com.vKyc.Testcases.TC_VideoKyc">
    <skipped/>
  </testcase> <!-- verifySevenDaysReportDownloadStatus -->
  <testcase name="verifyThirtyDaysReportDownloadStatus" time="0.000" classname="com.vKyc.Testcases.TC_VideoKyc">
    <skipped/>
  </testcase> <!-- verifyThirtyDaysReportDownloadStatus -->
  <testcase name="verifyNinetyDaysReportDownloadStatus" time="0.000" classname="com.vKyc.Testcases.TC_VideoKyc">
    <skipped/>
  </testcase> <!-- verifyNinetyDaysReportDownloadStatus -->
  <testcase name="uploadCaseUsingExcel" time="12.572" classname="com.vKyc.Testcases.TC_VideoKyc"/>
  <testcase name="verifyCaseUploadAtAgentEnd" time="7.601" classname="com.vKyc.Testcases.TC_VideoKyc"/>
  <testcase name="uploadVKycCaseByAdminForCaseTransfer" time="9.122" classname="com.vKyc.Testcases.TC_VideoKyc"/>
  <testcase name="transferCaseByAgent" time="27.628" classname="com.vKyc.Testcases.TC_VideoKyc"/>
  <testcase name="verifyCaseAtTransferredAgent" time="8.212" classname="com.vKyc.Testcases.TC_VideoKyc"/>
  <testcase name="uploadVKycCaseByAdminForReschedulelater" time="9.408" classname="com.vKyc.Testcases.TC_VideoKyc"/>
  <testcase name="scheduleCaseByAgentForReschedulelater" time="16.414" classname="com.vKyc.Testcases.TC_VideoKyc"/>
  <testcase name="markCaseAsReschedulelater" time="8.995" classname="com.vKyc.Testcases.TC_VideoKyc"/>
  <testcase name="verifyCaseAvailabilityInAssignedBucket" time="12.881" classname="com.vKyc.Testcases.TC_VideoKyc"/>
  <testcase name="uploadVKycCaseByAdminForInlineReschedule" time="8.514" classname="com.vKyc.Testcases.TC_VideoKyc"/>
  <testcase name="scheduleCaseByAgentForInlineReschedule" time="15.157" classname="com.vKyc.Testcases.TC_VideoKyc"/>
  <testcase name="inlineRescheduleCall" time="1.091" classname="com.vKyc.Testcases.TC_VideoKyc">
    <error type="java.lang.NullPointerException">
      <![CDATA[java.lang.NullPointerException
at com.vKyc.Pageobject.videoKyc.inlinineRescheduleCall(videoKyc.java:2086)
at com.vKyc.Testcases.TC_VideoKyc.inlineRescheduleCall(TC_VideoKyc.java:1465)
at sun.reflect.NativeMethodAccessorImpl.invoke0(Native Method)
at sun.reflect.NativeMethodAccessorImpl.invoke(NativeMethodAccessorImpl.java:62)
at sun.reflect.DelegatingMethodAccessorImpl.invoke(DelegatingMethodAccessorImpl.java:43)
at java.lang.reflect.Method.invoke(Method.java:498)
at org.testng.internal.MethodInvocationHelper.invokeMethod(MethodInvocationHelper.java:124)
at org.testng.internal.Invoker.invokeMethod(Invoker.java:583)
at org.testng.internal.Invoker.invokeTestMethod(Invoker.java:719)
at org.testng.internal.Invoker.invokeTestMethods(Invoker.java:989)
at org.testng.internal.TestMethodWorker.invokeTestMethods(TestMethodWorker.java:125)
at org.testng.internal.TestMethodWorker.run(TestMethodWorker.java:109)
at org.testng.TestRunner.privateRun(TestRunner.java:648)
at org.testng.TestRunner.run(TestRunner.java:505)
at org.testng.SuiteRunner.runTest(SuiteRunner.java:455)
at org.testng.SuiteRunner.runSequentially(SuiteRunner.java:450)
at org.testng.SuiteRunner.privateRun(SuiteRunner.java:415)
at org.testng.SuiteRunner.run(SuiteRunner.java:364)
at org.testng.SuiteRunnerWorker.runSuite(SuiteRunnerWorker.java:52)
at org.testng.SuiteRunnerWorker.run(SuiteRunnerWorker.java:84)
at org.testng.TestNG.runSuitesSequentially(TestNG.java:1208)
at org.testng.TestNG.runSuitesLocally(TestNG.java:1137)
at org.testng.TestNG.runSuites(TestNG.java:1049)
at org.testng.TestNG.run(TestNG.java:1017)
at org.apache.maven.surefire.testng.TestNGExecutor.run(TestNGExecutor.java:295)
at org.apache.maven.surefire.testng.TestNGXmlTestSuite.execute(TestNGXmlTestSuite.java:84)
at org.apache.maven.surefire.testng.TestNGProvider.invoke(TestNGProvider.java:90)
at org.apache.maven.surefire.booter.ForkedBooter.invokeProviderInSameClassLoader(ForkedBooter.java:203)
at org.apache.maven.surefire.booter.ForkedBooter.runSuitesInProcess(ForkedBooter.java:155)
at org.apache.maven.surefire.booter.ForkedBooter.main(ForkedBooter.java:103)
]]>
    </error>
  </testcase> <!-- inlineRescheduleCall -->
</testsuite> <!-- com.vKyc.Testcases.TC_VideoKyc -->
