<?xml version="1.0" encoding="UTF-8"?>
<!-- Generated by org.testng.reporters.JUnitReportReporter -->
<testsuite skipped="0" hostname="ARS-NBT-LAP" name="com.vKyc.Testcases.TC_VideoKycForRejectCase" tests="6" failures="0" timestamp="14 Jun 2022 12:29:50 GMT" time="277.410" errors="0">
  <testcase name="uploadVKycCaseByAdminForRejectCase" time="8.561" classname="com.vKyc.Testcases.TC_VideoKycForRejectCase"/>
  <testcase name="scheduleCaseByAgentForCaseRejectAtAuditorEnd" time="15.695" classname="com.vKyc.Testcases.TC_VideoKycForRejectCase"/>
  <testcase name="vKycProcessByCustomerForCaseRejectAtAuditorEnd" time="175.914" classname="com.vKyc.Testcases.TC_VideoKycForRejectCase"/>
  <testcase name="vkycProcessByAgentForCaseRejectAtAuditorEnd" time="54.854" classname="com.vKyc.Testcases.TC_VideoKycForRejectCase"/>
  <testcase name="vkycCaseRejectedByAuditor" time="12.022" classname="com.vKyc.Testcases.TC_VideoKycForRejectCase"/>
  <testcase name="checkCaseAvailabilityinRejectedBucket" time="10.364" classname="com.vKyc.Testcases.TC_VideoKycForRejectCase"/>
</testsuite> <!-- com.vKyc.Testcases.TC_VideoKycForRejectCase -->
