<?xml version="1.0" encoding="UTF-8"?>
<!-- Generated by org.testng.reporters.JUnitReportReporter -->
<testsuite skipped="0" hostname="ARS-NBT-LAP" name="com.vKyc.Testcases.TC_VideokycForReAssignCase" tests="5" failures="0" timestamp="14 Jun 2022 12:29:50 GMT" time="301.602" errors="0">
  <testcase name="uploadVKycCaseForReAssignByAuditor" time="11.796" classname="com.vKyc.Testcases.TC_VideokycForReAssignCase"/>
  <testcase name="scheduleCaseByAgentForReAssign" time="17.387" classname="com.vKyc.Testcases.TC_VideokycForReAssignCase"/>
  <testcase name="vKycProcessByCustomerForReAssign" time="187.968" classname="com.vKyc.Testcases.TC_VideokycForReAssignCase"/>
  <testcase name="vkycProcessByAgentForCaseReAssignAtAuditorEnd" time="53.397" classname="com.vKyc.Testcases.TC_VideokycForReAssignCase"/>
  <testcase name="vkycCaseReAssignByAuditor" time="31.054" classname="com.vKyc.Testcases.TC_VideokycForReAssignCase"/>
</testsuite> <!-- com.vKyc.Testcases.TC_VideokycForReAssignCase -->
